0 info it worked if it ends with ok
1 verbose cli [ '/Users/marta.johnson/.nvm/versions/node/v6.3.1/bin/node',
1 verbose cli   '/Users/marta.johnson/.nvm/versions/node/v6.3.1/bin/npm',
1 verbose cli   'run',
1 verbose cli   'test' ]
2 info using npm@3.10.3
3 info using node@v6.3.1
4 verbose run-script [ 'pretest', 'test', 'posttest' ]
5 info lifecycle places@1.0.0~pretest: places@1.0.0
6 silly lifecycle places@1.0.0~pretest: no script for pretest, continuing
7 info lifecycle places@1.0.0~test: places@1.0.0
8 verbose lifecycle places@1.0.0~test: unsafe-perm in lifecycle true
9 verbose lifecycle places@1.0.0~test: PATH: /Users/marta.johnson/.nvm/versions/node/v6.3.1/lib/node_modules/npm/bin/node-gyp-bin:/Users/marta.johnson/Documents/other/places/node_modules/.bin:/Users/marta.johnson/.nvm/versions/node/v6.3.1/bin:/Users/marta.johnson/.nvm/versions/node/v6.3.1/bin:/usr/local/bin:/usr/bin:/bin:/usr/sbin:/sbin:/Applications/Postgres.app/Contents/Versions/latest/bin
10 verbose lifecycle places@1.0.0~test: CWD: /Users/marta.johnson/Documents/other/places
11 silly lifecycle places@1.0.0~test: Args: [ '-c', 'ava' ]
12 silly lifecycle places@1.0.0~test: Returned: code: 1  signal: null
13 info lifecycle places@1.0.0~test: Failed to exec test script
14 verbose stack Error: places@1.0.0 test: `ava`
14 verbose stack Exit status 1
14 verbose stack     at EventEmitter.<anonymous> (/Users/marta.johnson/.nvm/versions/node/v6.3.1/lib/node_modules/npm/lib/utils/lifecycle.js:242:16)
14 verbose stack     at emitTwo (events.js:106:13)
14 verbose stack     at EventEmitter.emit (events.js:191:7)
14 verbose stack     at ChildProcess.<anonymous> (/Users/marta.johnson/.nvm/versions/node/v6.3.1/lib/node_modules/npm/lib/utils/spawn.js:40:14)
14 verbose stack     at emitTwo (events.js:106:13)
14 verbose stack     at ChildProcess.emit (events.js:191:7)
14 verbose stack     at maybeClose (internal/child_process.js:852:16)
14 verbose stack     at Process.ChildProcess._handle.onexit (internal/child_process.js:215:5)
15 verbose pkgid places@1.0.0
16 verbose cwd /Users/marta.johnson/Documents/other/places
17 error Darwin 15.6.0
18 error argv "/Users/marta.johnson/.nvm/versions/node/v6.3.1/bin/node" "/Users/marta.johnson/.nvm/versions/node/v6.3.1/bin/npm" "run" "test"
19 error node v6.3.1
20 error npm  v3.10.3
21 error code ELIFECYCLE
22 error places@1.0.0 test: `ava`
22 error Exit status 1
23 error Failed at the places@1.0.0 test script 'ava'.
23 error Make sure you have the latest version of node.js and npm installed.
23 error If you do, this is most likely a problem with the places package,
23 error not with npm itself.
23 error Tell the author that this fails on your system:
23 error     ava
23 error You can get information on how to open an issue for this project with:
23 error     npm bugs places
23 error Or if that isn't available, you can get their info via:
23 error     npm owner ls places
23 error There is likely additional logging output above.
24 verbose exit [ 1, true ]
